[     120ms] [ERROR] Failed to load resource: the server responded with a status of 504 (Outdated Optimize Dep) @ http://localhost:4321/node_modules/.vite/deps/astro-SR4G3V2M.js?v=f32089db:0
[     120ms] [ERROR] Failed to load resource: the server responded with a status of 504 (Outdated Optimize Dep) @ http://localhost:4321/node_modules/.vite/deps/audit-FLQTXLDU.js?v=f32089db:0
[     127ms] Failed to fetch dynamically imported module: http://localhost:4321/node_modules/.vite/deps/astro-SR4G3V2M.js?v=f32089db
[     121ms] [ERROR] Failed to load resource: the server responded with a status of 504 (Outdated Optimize Dep) @ http://localhost:4321/node_modules/.vite/deps/xray-CF6V4ZL5.js?v=f32089db:0
[     121ms] [ERROR] Failed to load resource: the server responded with a status of 504 (Outdated Optimize Dep) @ http://localhost:4321/node_modules/.vite/deps/settings-PXE2HJFE.js?v=f32089db:0
[     121ms] [ERROR] Failed to load resource: the server responded with a status of 504 (Outdated Optimize Dep) @ http://localhost:4321/node_modules/.vite/deps/toolbar-JH43WFCD.js?v=f32089db:0
[     121ms] [ERROR] Failed to load resource: the server responded with a status of 504 (Outdated Optimize Dep) @ http://localhost:4321/node_modules/.vite/deps/ui-library-CVJJS54O.js?v=f32089db:0
[  197559ms] [ERROR] Failed to load resource: the server responded with a status of 504 (Outdated Optimize Dep) @ http://localhost:4321/node_modules/.vite/deps/astro-SR4G3V2M.js?v=f32089db:0
[  197576ms] Failed to fetch dynamically imported module: http://localhost:4321/node_modules/.vite/deps/astro-SR4G3V2M.js?v=f32089db
[  197559ms] [ERROR] Failed to load resource: the server responded with a status of 504 (Outdated Optimize Dep) @ http://localhost:4321/node_modules/.vite/deps/audit-FLQTXLDU.js?v=f32089db:0
[  197559ms] [ERROR] Failed to load resource: the server responded with a status of 504 (Outdated Optimize Dep) @ http://localhost:4321/node_modules/.vite/deps/xray-CF6V4ZL5.js?v=f32089db:0
[  197559ms] [ERROR] Failed to load resource: the server responded with a status of 504 (Outdated Optimize Dep) @ http://localhost:4321/node_modules/.vite/deps/settings-PXE2HJFE.js?v=f32089db:0
[  197559ms] [ERROR] Failed to load resource: the server responded with a status of 504 (Outdated Optimize Dep) @ http://localhost:4321/node_modules/.vite/deps/toolbar-JH43WFCD.js?v=f32089db:0
[  197560ms] [ERROR] Failed to load resource: the server responded with a status of 504 (Outdated Optimize Dep) @ http://localhost:4321/node_modules/.vite/deps/ui-library-CVJJS54O.js?v=f32089db:0
[  272622ms] [ERROR] Failed to load resource: the server responded with a status of 504 (Outdated Optimize Dep) @ http://localhost:4321/node_modules/.vite/deps/astro-SR4G3V2M.js?v=f32089db:0
[  272662ms] Failed to fetch dynamically imported module: http://localhost:4321/node_modules/.vite/deps/astro-SR4G3V2M.js?v=f32089db
[  272623ms] [ERROR] Failed to load resource: the server responded with a status of 504 (Outdated Optimize Dep) @ http://localhost:4321/node_modules/.vite/deps/audit-FLQTXLDU.js?v=f32089db:0
[  272624ms] [ERROR] Failed to load resource: the server responded with a status of 504 (Outdated Optimize Dep) @ http://localhost:4321/node_modules/.vite/deps/xray-CF6V4ZL5.js?v=f32089db:0
[  272625ms] [ERROR] Failed to load resource: the server responded with a status of 504 (Outdated Optimize Dep) @ http://localhost:4321/node_modules/.vite/deps/settings-PXE2HJFE.js?v=f32089db:0
[  272631ms] [ERROR] Failed to load resource: the server responded with a status of 504 (Outdated Optimize Dep) @ http://localhost:4321/node_modules/.vite/deps/toolbar-JH43WFCD.js?v=f32089db:0
[  272648ms] [ERROR] Failed to load resource: the server responded with a status of 504 (Outdated Optimize Dep) @ http://localhost:4321/node_modules/.vite/deps/ui-library-CVJJS54O.js?v=f32089db:0
